Removed Pin From Net: NetName=GND Pin=CN4-1
Removed Pin From Net: NetName=GND Pin=CN4-2
Removed Pin From Net: NetName=D2P Pin=CN4-5
Removed Pin From Net: NetName=D2N Pin=CN4-6
Removed Pin From Net: NetName=R1P Pin=CN4-11
Removed Pin From Net: NetName=R1N Pin=CN4-12
Removed Pin From Net: NetName=R2P Pin=CN4-15
Removed Pin From Net: NetName=R2N Pin=CN4-16
Removed Pin From Net: NetName=GND Pin=CN4-19
Removed Pin From Net: NetName=GND Pin=CN4-20
Added Pin To Net: NetName=R2P Pin=CN4-1
Added Pin To Net: NetName=R2N Pin=CN4-2
Added Pin To Net: NetName=D2N Pin=CN4-5
Added Pin To Net: NetName=D2P Pin=CN4-6
Added Pin To Net: NetName=GND Pin=CN4-11
Added Pin To Net: NetName=GND Pin=CN4-12
Added Pin To Net: NetName=GND Pin=CN4-15
Added Pin To Net: NetName=GND Pin=CN4-16
Added Pin To Net: NetName=R1P Pin=CN4-19
Added Pin To Net: NetName=R1N Pin=CN4-20
Added Room: Name=SCHEMATIC_MAIN
