Removed Pin From Net: NetName=GND Pin=CN2-1
Removed Pin From Net: NetName=5VDC Pin=CN2-2
Removed Pin From Net: NetName=3.3VDC Pin=CN3-1
Removed Pin From Net: NetName=GND Pin=CN3-2
Change Component Footprint: Designator=CN2 Old Footprint=HDR1X2H New Footprint=HDR1X2
Change Component Comment : Designator=CN2 Old Comment=Header 2H New Comment=Header 2
Change Component Designator: OldDesignator=C1 NewDesignator=C3
Change Component Designator: OldDesignator=C2 NewDesignator=C4
Change Component Designator: OldDesignator=C3 NewDesignator=C1
Change Component Designator: OldDesignator=C4 NewDesignator=C2
Change Component Designator: OldDesignator=CN1 NewDesignator=CN3
Change Component Designator: OldDesignator=D1 NewDesignator=D2
Change Component Designator: OldDesignator=D2 NewDesignator=D1
Change Component Designator: OldDesignator=U1 NewDesignator=U2
Change Component Designator: OldDesignator=U2 NewDesignator=U1
Added Component: Designator=CN1(HDR1X2)
Add component (AddParameter): Name = "LatestRevisionDate"; Value = "17-Jul-2002"; VariantName = "[No Variations]"
Add component (AddParameter): Name = "LatestRevisionNote"; Value = "Re-released for DXP Platform."; VariantName = "[No Variations]"
Add component (AddParameter): Name = "Publisher"; Value = "Altium Limited"; VariantName = "[No Variations]"
Added Pin To Net: NetName=GND Pin=CN1-1
Added Pin To Net: NetName=5VDC Pin=CN1-2
Added Pin To Net: NetName=3.3VDC Pin=CN2-1
Added Pin To Net: NetName=GND Pin=CN2-2
Change Net Name : Old Net Name=NetCN1_1 New Net Name=NetCN3_1
Change Net Name : Old Net Name=NetCN1_3 New Net Name=NetCN3_3
Change Net Name : Old Net Name=NetCN1_5 New Net Name=NetCN3_5
Change Net Name : Old Net Name=NetCN1_8 New Net Name=NetCN3_8
Change Net Name : Old Net Name=NetCN1_10 New Net Name=NetCN3_10
Change Net Name : Old Net Name=NetCN1_12 New Net Name=NetCN3_12
Change Net Name : Old Net Name=NetD1_2 New Net Name=NetD2_2
Change Net Name : Old Net Name=NetD2_2 New Net Name=NetD1_2
Added Room: Name=SCHEMATIC_MAIN
